<?xml version="1.0" encoding="UTF-8"?>
<Site BuildName="Linux-g++"
	BuildStamp="20231216-0751-Experimental"
	Name="alexunder-HP-Pavilion-15-Notebook-PC"
	Generator="ctest-3.22.1"
	CompilerName="/usr/bin/g++"
	CompilerVersion="11.4.0"
	OSName="Linux"
	Hostname="alexunder-HP-Pavilion-15-Notebook-PC"
	OSRelease="6.2.0-39-generic"
	OSVersion="#40~22.04.1-Ubuntu SMP PREEMPT_DYNAMIC Thu Nov 16 10:53:04 UTC 2"
	OSPlatform="x86_64"
	Is64Bits="1"
	VendorString="AuthenticAMD"
	VendorID="Advanced Micro Devices"
	FamilyID="22"
	ModelID="0"
	ProcessorCacheSize="2048"
	NumberOfLogicalCPU="4"
	NumberOfPhysicalCPU="4"
	TotalVirtualMemory="2047"
	TotalPhysicalMemory="7399"
	LogicalProcessorsPerPhysical="1"
	ProcessorClockFrequency="1497.27"
	>
	<Testing>
		<StartDateTime>Dec 17 01:10 MSK</StartDateTime>
		<StartTestTime>1702764618</StartTestTime>
		<TestList/>
		<EndDateTime>Dec 17 01:10 MSK</EndDateTime>
		<EndTestTime>1702764618</EndTestTime>
		<ElapsedMinutes>0</ElapsedMinutes>
	</Testing>
</Site>
